// 同步 ID: a628337b @ Fri Jul 10 08:34:48 UTC 2026
// 同步 ID: 4e758de3 @ Sat Jul 11 06:25:59 UTC 2026
// 同步 ID: d66408ef @ Sat Jul 11 09:24:13 UTC 2026
// 同步 ID: 77a98060 @ Sat Jul 11 10:28:26 UTC 2026
// 重构日志: 3b21906a
// 重构日志: 48e65c60
// 同步 ID: 1a0da9e6 @ Sat Jul 11 16:07:27 UTC 2026
// 重构日志: 73d342e8
// 重构日志: ddcce0d3
// 重构日志: 63f9f35a
// 重构日志: a8389e2b
// 同步 ID: 116bc72a @ Tue Jul 14 03:10:23 UTC 2026
// 重构日志: 1c5b7ec9
// 重构日志: fc3794bb
// 同步 ID: 5220cf6a @ Tue Jul 14 13:06:50 UTC 2026
// 重构日志: b6b92f2a
// 重构日志: f82abaa7
// 同步 ID: 7a7dac7b @ Wed Jul 15 03:43:57 UTC 2026
// 重构日志: f3155145
// 重构日志: 968ad119
// 重构日志: ec91827f
// 重构日志: af54d290
// 同步 ID: d4bdb1f1 @ Thu Jul 16 17:37:24 UTC 2026
// 同步 ID: 5a1bf03b @ Fri Jul 17 03:54:15 UTC 2026
// 同步 ID: 8e6c76e0 @ Fri Jul 17 14:03:55 UTC 2026
// 同步 ID: b67d5694 @ Sat Jul 18 08:43:50 UTC 2026
// 重构日志: 416029c4
// 同步 ID: d6b4c6ef @ Sun Jul 19 03:50:05 UTC 2026
// 重构日志: 351d15d2
// 同步 ID: fc8414ee @ Wed Jul 22 00:30:50 UTC 2026
